\BOOKMARK [0][-]{chapter.1}{\376\377\000\332\000v\000o\000d}{}% 1
\BOOKMARK [0][-]{chapter.2}{\376\377\000\332\000v\000o\000d\0002}{}% 2
\BOOKMARK [0][-]{chapter.3}{\376\377\000T\000v\000o\000r\000b\000a\000\040\000a\000\040\000a\000n\000a\000l\000\375\000z\000a\000\040\000s\000c\000e\000n\000\341\000r\000o\000v\000\040\000v\000\040\000m\000o\000d\000e\000l\000o\000v\000a\000n\000\355\000\040\000s\000y\000s\000t\000\351\000m\000u}{}% 3
\BOOKMARK [1][-]{section.3.1}{\376\377\000V\000\375\000v\000o\000j\000\040\000s\000y\000s\000t\000\351\000m\000u}{chapter.3}% 4
\BOOKMARK [2][-]{subsection.3.1.1}{\376\377\000Z\000\372\001\015\000a\000s\000t\000n\000e\000n\000\341\000\040\000s\000t\000r\000a\000n\000a}{section.3.1}% 5
\BOOKMARK [2][-]{subsection.3.1.2}{\376\377\000I\000n\000\351\000\040\000f\000a\000c\000t\000o\000r\000y}{section.3.1}% 6
\BOOKMARK [2][-]{subsection.3.1.3}{\376\377\000P\000r\000o\000c\000c\000e\000s\000\040\000v\000\375\000v\000o\000j\000a}{section.3.1}% 7
\BOOKMARK [1][-]{section.3.2}{\376\377\000A\000n\000a\000l\000\375\000z\000a\000\040\000s\000y\000s\000t\000\351\000m\000u}{chapter.3}% 8
\BOOKMARK [1][-]{section.3.3}{\376\377\000M\000o\000d\000e\000l\000o\000v\000a\000n\000i\000e\000\040\000s\000y\000s\000t\000\351\000m\000u}{chapter.3}% 9
\BOOKMARK [0][-]{chapter.4}{\376\377\000P\000e\000t\000r\000i\000h\000o\000\040\000S\000i\000e\000t\000e}{}% 10
\BOOKMARK [1][-]{section.4.1}{\376\377\000O\000b\000e\000c\000n\000\341\000\040\000d\000e\000f\000i\000n\000\355\000c\000i\000a}{chapter.4}% 11
\BOOKMARK [2][-]{subsection.4.1.1}{\376\377\000P\000a\000r\000a\000l\000e\000l\000i\000z\000m\000u\000s\000\040\000v\000\040\000P\000e\000t\000r\000i\000h\000o\000\040\000s\000i\000e\000t\000i\000a\000c\000h}{section.4.1}% 12
\BOOKMARK [2][-]{subsection.4.1.2}{\376\377\001\014\000a\000s\000\040\000v\000\040\000P\000e\000t\000r\000i\000h\000o\000\040\000s\000i\000e\000t\000i\000a\000c\000h}{section.4.1}% 13
\BOOKMARK [2][-]{subsection.4.1.3}{\376\377\000V\000a\000r\000i\000a\000n\000t\000y\000\040\000p\000e\000t\000r\000i\000h\000o\000\040\000S\000i\000e\000t\000\355}{section.4.1}% 14
\BOOKMARK [1][-]{section.4.2}{\376\377\000P\000N\000T\000a\000l\000k}{chapter.4}% 15
\BOOKMARK [1][-]{section.4.3}{\376\377\000T\000r\000i\000e\000d\000a\000\040\000a\000\040\000d\000e\000d\000i\001\015\000n\000o\000s\001\145}{chapter.4}% 16
\BOOKMARK [1][-]{section.4.4}{\376\377\000S\000i\000e\000t\000e}{chapter.4}% 17
\BOOKMARK [2][-]{subsection.4.4.1}{\376\377\000O\000b\000j\000e\000k\000t\000o\000v\000\341\000\040\000s\000i\000e\001\145}{section.4.4}% 18
\BOOKMARK [2][-]{subsection.4.4.2}{\376\377\000S\000i\000e\001\145\000\040\000m\000e\000t\000\363\000d}{section.4.4}% 19
\BOOKMARK [2][-]{subsection.4.4.3}{\376\377\000S\000i\000e\001\145\000\040\000k\000o\000n\000s\000t\000r\000u\000k\000t\000o\000r\000u}{section.4.4}% 20
\BOOKMARK [2][-]{subsection.4.4.4}{\376\377\000S\000y\000n\000c\000h\000r\000\363\000n\000n\000y\000\040\000p\000o\000r\000t}{section.4.4}% 21
\BOOKMARK [1][-]{section.4.5}{\376\377\000P\000r\000e\000c\000h\000o\000d}{chapter.4}% 22
\BOOKMARK [2][-]{subsection.4.5.1}{\376\377\000P\000o\000d\000m\000i\000e\000n\000k\000y\000\040\000p\000r\000e\000c\000h\000o\000d\000u}{section.4.5}% 23
\BOOKMARK [2][-]{subsection.4.5.2}{\376\377\000A\000k\000c\000i\000a}{section.4.5}% 24
\BOOKMARK [2][-]{subsection.4.5.3}{\376\377\000S\000t\000r\000\341\001\176}{section.4.5}% 25
\BOOKMARK [1][-]{section.4.6}{\376\377\000P\000N\000T\000a\000l\000k}{chapter.4}% 26
\BOOKMARK [0][-]{chapter.5}{\376\377\000S\000e\000k\000v\000e\000n\001\015\000n\000\351\000\040\000D\000i\000a\000g\000r\000a\000m\000y}{}% 27
\BOOKMARK [1][-]{section.5.1}{\376\377\000S\000c\000e\000n\000\341\000r\000e}{chapter.5}% 28
\BOOKMARK [1][-]{section.5.2}{\376\377\000K\000o\000m\000u\000n\000i\000k\000\341\000c\000i\000a\000\040\000v\000\040\000s\000e\000k\000v\000e\000n\001\015\000n\000\375\000c\000h\000\040\000d\000i\000a\000g\000r\000a\000m\000o\000c\000h}{chapter.5}% 29
\BOOKMARK [1][-]{section.5.3}{\376\377\000\332\001\015\000a\000s\000t\000n\000\355\000c\000i\000\040\000k\000o\000m\000u\000n\000i\000k\000\341\000c\000i\000e}{chapter.5}% 30
\BOOKMARK [1][-]{section.5.4}{\376\377\000S\000t\000a\000v\000e\000b\000n\000\351\000\040\000E\000l\000e\000m\000e\000n\000t\000y\000\040\000s\000e\000k\000v\000e\000n\001\015\000n\000\375\000c\000h\000\040\000D\000i\000a\000g\000r\000a\000m\000o\000v}{chapter.5}% 31
\BOOKMARK [2][-]{subsection.5.4.1}{\376\377\000A\000c\000t\000o\000r\000:\000T\000O\000D\000O\000\040\000p\000r\000e\000k\000l\000a\000d}{section.5.4}% 32
\BOOKMARK [2][-]{subsection.5.4.2}{\376\377\000o\000b\000j\000e\000k\000t}{section.5.4}% 33
\BOOKMARK [2][-]{subsection.5.4.3}{\376\377\000l\000i\000f\000e\000l\000i\000n\000e\000:\000T\000O\000D\000O\000\040\000p\000r\000e\000k\000l\000a\000d\000\040\001\015\000i\000a\000r\000a\000\040\001\176\000i\000v\000o\000t\000a\000?\000\040\000:\000D}{section.5.4}% 34
\BOOKMARK [2][-]{subsection.5.4.4}{\376\377\000f\000o\000c\000u\000s\000\040\000o\000f\000\040\000c\000o\000n\000t\000r\000o\000l\000:\000T\000O\000D\000O\000\040\000p\000r\000e\000k\000l\000a\000d}{section.5.4}% 35
\BOOKMARK [1][-]{section.5.5}{\376\377\000D\000i\000s\000t\000r\000i\000b\000u\000o\000v\000a\000n\000\351\000\040\000s\000y\000s\000t\000\351\000m\000y}{chapter.5}% 36
\BOOKMARK [2][-]{subsection.5.5.1}{\376\377\000V\000y\000m\000e\000d\000z\000e\000n\000i\000e\000\040\000p\000o\000j\000m\000u\000\040\000d\000i\000s\000t\000r\000i\000b\000u\000o\000v\000a\000n\000\375\000\040\000s\000y\000s\000t\000\351\000m}{section.5.5}% 37
\BOOKMARK [2][-]{subsection.5.5.2}{\376\377\000P\000o\000r\000o\000v\000n\000a\000n\000i\000e\000\040\000s\000\040\000C\000e\000n\000t\000r\000a\000l\000i\000z\000o\000v\000a\000n\000\375\000m\000i\000\040\000s\000y\000s\000t\000\351\000m\000a\000m\000i}{section.5.5}% 38
\BOOKMARK [2][-]{subsection.5.5.3}{\376\377\000K\000e\000d\000y\000\040\000d\000i\000s\000t\000r\000i\000b\000u\000o\000v\000a\001\145}{section.5.5}% 39
\BOOKMARK [1][-]{section.5.6}{\376\377\000V\000\375\000v\000o\000j\000o\000v\000\351\000\040\000p\000r\000o\000s\000t\000r\000e\000d\000i\000e}{chapter.5}% 40
\BOOKMARK [2][-]{subsection.5.6.1}{\376\377\000P\000r\000o\000j\000e\000k\000t\000o\000v\000\375\000\040\000p\000o\000h\001\076\000a\000d}{section.5.6}% 41
\BOOKMARK [2][-]{subsection.5.6.2}{\376\377\000E\000d\000i\000t\000o\000r\000\040\000z\000d\000r\000o\000j\000o\000v\000\351\000h\000o\000\040\000k\000\363\000d\000u}{section.5.6}% 42
\BOOKMARK [2][-]{subsection.5.6.3}{\376\377\000P\000r\000e\000k\000l\000a\000d}{section.5.6}% 43
\BOOKMARK [2][-]{subsection.5.6.4}{\376\377\000L\000a\000d\000e\000n\000i\000e}{section.5.6}% 44
\BOOKMARK [0][-]{chapter.6}{\376\377\000N\000\341\000v\000r\000h\000\040\000I\000m\000p\000l\000e\000m\000e\000n\000t\000\341\000c\000i\000e}{}% 45
\BOOKMARK [1][-]{section.6.1}{\376\377\000A\000r\000c\000h\000i\000t\000e\000k\000t\000\372\000r\000a}{chapter.6}% 46
\BOOKMARK [1][-]{section.6.2}{\376\377\000N\000a\000p\000o\000j\000e\000n\000i\000e\000\040\000n\000a\000\040\000e\000x\000i\000s\000t\000u\000j\000\372\000c\000e\000\040\000v\000a\000l\000i\000d\000\341\000t\000o\000r\000y\000\040\000j\000a\000z\000y\000k\000a\000\040\000P\000N\000T\000a\000l\000k\000\040\000a\000\040\000s\000i\000m\000u\000l\000\341\000t\000o\000r\000y\000\040\000O\000b\000j\000e\000k\000t\000o\000v\000o\000\040\000o\000r\000i\000e\000n\000t\000o\000v\000a\000n\000\375\000c\000h\000\040\000P\000e\000t\000r\000i\000h\000o\000\040\000s\000i\000e\000t\000\355}{chapter.6}% 47
\BOOKMARK [1][-]{section.6.3}{\376\377\000O\000u\000t\000-\000s\000o\000u\000r\000c\000e\000\040\000s\000i\000m\000u\000l\000\341\000c\000i\000e}{chapter.6}% 48
\BOOKMARK [1][-]{section.6.4}{\376\377\000U\001\176\000i\000v\000a\000t\000e\001\076\000s\000k\000\351\000\040\000r\000o\000z\000h\000r\000a\000n\000i\000e}{chapter.6}% 49
\BOOKMARK [2][-]{subsection.6.4.1}{\376\377\000R\000o\000z\000l\000o\001\176\000e\000n\000i\000e\000\040\000u\001\176\000i\000v\000a\000t\000e\001\076\000s\000k\000\351\000h\000o\000\040\000r\000o\000z\000h\000r\000a\000n\000i\000a}{section.6.4}% 50
\BOOKMARK [0][-]{chapter.7}{\376\377\000I\000m\000p\000l\000e\000m\000e\000n\000t\000\341\000c\000i\000a}{}% 51
\BOOKMARK [1][-]{section.7.1}{\376\377\000I\000m\000p\000l\000e\000m\000e\000n\000t\000\341\000c\000i\000e\000\040\000d\000i\000s\000t\000r\000i\000b\000u\000o\000v\000a\000n\000\351\000h\000o\000\040\000s\000y\000s\000t\000\351\000m\000u\000\040\000p\000o\000m\000o\000c\000o\000u\000\040\000D\000o\000c\000k\000e\000r\000u}{chapter.7}% 52
\BOOKMARK [1][-]{section.7.2}{\376\377\000U\001\176\000i\000v\000a\000t\000e\001\076\000s\000k\000\351\000\040\000r\000o\000z\000h\000r\000a\000n\000i\000e}{chapter.7}% 53
\BOOKMARK [2][-]{subsection.7.2.1}{\376\377\000J\000a\000v\000a\000F\000X\000\040\000v\000\040\000k\000o\000t\000l\000i\000n\000e}{section.7.2}% 54
\BOOKMARK [2][-]{subsection.7.2.2}{\376\377\000E\000d\000i\000t\000o\000r\000\040\000Z\000d\000r\000o\000j\000o\000v\000\351\000h\000o\000\040\000k\000\363\000d\000u}{section.7.2}% 55
\BOOKMARK [0][-]{chapter.8}{\376\377\000Z\000\341\000v\000e\000r}{}% 56
\BOOKMARK [1][-]{section.8.1}{\376\377\000V\000\375\000s\000l\000e\000d\000k\000y\000\040\000t\000e\000s\000t\000o\000v\000a\000n\000i\000a}{chapter.8}% 57
\BOOKMARK [0][-]{chapter*.29}{\376\377\000L\000i\000t\000e\000r\000a\000t\000\372\000r\000a}{}% 58
\BOOKMARK [0][-]{appendix.A}{\376\377\000J\000a\000k\000\040\000p\000r\000a\000c\000o\000v\000a\000t\000\040\000s\000\040\000t\000o\000u\000t\000o\000\040\001\141\000a\000b\000l\000o\000n\000o\000u}{}% 59
\BOOKMARK [0][-]{appendix.B}{\376\377\000P\000s\000a\000n\000\355\000\040\000a\000n\000g\000l\000i\000c\000k\000\351\000h\000o\000\040\000t\000e\000x\000t\000u}{}% 60
\BOOKMARK [0][-]{appendix.C}{\376\377\000C\000h\000e\000c\000k\000l\000i\000s\000t}{}% 61
\BOOKMARK [0][-]{appendix.D}{\376\377\000L\000a\000T\000e\000X\000p\000r\000o\000\040\000z\000a\001\015\000\341\000t\000e\001\015\000n\000\355\000k\000y}{}% 62
\BOOKMARK [0][-]{appendix.E}{\376\377\000P\001\131\000\355\000k\000l\000a\000d\000y\000\040\000b\000i\000b\000l\000i\000o\000g\000r\000a\000f\000i\000c\000k\000\375\000c\000h\000\040\000c\000i\000t\000a\000c\000\355}{}% 63
\BOOKMARK [1][-]{section.E.1}{\376\377\000T\000y\000p\000y\000\040\000z\000\341\000z\000n\000a\000m\001\157\000\040\000a\000\040\000j\000e\000j\000i\000c\000h\000\040\000p\000o\000l\000o\001\176\000k\000y}{appendix.E}% 64
